<?xml version="1.0" encoding="UTF-8"?>
<!-- Generated by org.testng.reporters.JUnitReportReporter -->
<testsuite skipped="0" hostname="alexs-MacBook-Pro.local" name="runners.Runner" tests="1" failures="0" timestamp="30 May 2021 02:06:24 GMT" time="9.474" errors="0">
  <testcase name="runScenario" time="9.474" classname="runners.Runner"/>
</testsuite> <!-- runners.Runner -->
